<?xml version="1.0" encoding="UTF-8"?><testsuite errors="0" failures="0" name="tests.FcyLoginTest" skipped="1" tests="1" time="3.15" timestamp="2019-09-18 03:45:49"><testcase classname="tests.FcyLoginTest" name="Create new order create contractor"><error message="npm.taobao.org" type="java.net.UnknownHostException">npm.taobao.org</error><system-err>npm.taobao.org&#13;
org.apache.http.impl.conn.SystemDefaultDnsResolver.resolve(SystemDefaultDnsResolver.java:45)&#13;
org.apache.http.impl.conn.DefaultHttpClientConnectionOperator.connect(DefaultHttpClientConnectionOperator.java:112)&#13;
org.apache.http.impl.conn.PoolingHttpClientConnectionManager.connect(PoolingHttpClientConnectionManager.java:373)&#13;
org.apache.http.impl.execchain.MainClientExec.establishRoute(MainClientExec.java:381)&#13;
org.apache.http.impl.execchain.MainClientExec.execute(MainClientExec.java:237)&#13;
org.apache.http.impl.execchain.ProtocolExec.execute(ProtocolExec.java:185)&#13;
org.apache.http.impl.execchain.RetryExec.execute(RetryExec.java:89)&#13;
org.apache.http.impl.execchain.RedirectExec.execute(RedirectExec.java:111)&#13;
org.apache.http.impl.client.InternalHttpClient.doExecute(InternalHttpClient.java:185)&#13;
org.apache.http.impl.client.CloseableHttpClient.execute(CloseableHttpClient.java:83)&#13;
org.apache.http.impl.client.CloseableHttpClient.execute(CloseableHttpClient.java:108)&#13;
io.github.bonigarcia.wdm.HttpClient.execute(HttpClient.java:159)&#13;
io.github.bonigarcia.wdm.WebDriverManager.getDriversFromMirror(WebDriverManager.java:993)&#13;
io.github.bonigarcia.wdm.ChromeDriverManager.getDrivers(ChromeDriverManager.java:83)&#13;
io.github.bonigarcia.wdm.WebDriverManager.filterCandidateUrls(WebDriverManager.java:741)&#13;
io.github.bonigarcia.wdm.WebDriverManager.manage(WebDriverManager.java:534)&#13;
io.github.bonigarcia.wdm.WebDriverManager.handleException(WebDriverManager.java:722)&#13;
io.github.bonigarcia.wdm.WebDriverManager.manage(WebDriverManager.java:548)&#13;
io.github.bonigarcia.wdm.WebDriverManager.setup(WebDriverManager.java:260)&#13;
tests.BaseTest.setupDriver(BaseTest.java:19)&#13;
</system-err></testcase></testsuite>